2025-03-13 19:00:27: LinkedIn Scraper Configuration:
2025-03-13 19:00:27: - Cookies Path: ./cookies.json
2025-03-13 19:00:27: - LinkedIn Email: Set
2025-03-13 19:00:27: - LinkedIn Password: Set
2025-03-13 19:00:28: LinkedIn Scraper Configuration:
2025-03-13 19:00:28: - Cookies Path: ./cookies.json
2025-03-13 19:00:28: - LinkedIn Email: Set
2025-03-13 19:00:28: - LinkedIn Password: Set
2025-03-13 19:00:28: LinkedIn Scraper Configuration:
2025-03-13 19:00:28: - Cookies Path: ./cookies.json
2025-03-13 19:00:28: - LinkedIn Email: Set
2025-03-13 19:00:28: - LinkedIn Password: Set
2025-03-13 19:00:28: LinkedIn Scraper Configuration:
2025-03-13 19:00:28: - Cookies Path: ./cookies.json
2025-03-13 19:00:28: - LinkedIn Email: Set
2025-03-13 19:00:28: - LinkedIn Password: Set
2025-03-13 19:00:28: LinkedIn Scraper Configuration:
2025-03-13 19:00:28: - Cookies Path: ./cookies.json
2025-03-13 19:00:28: - LinkedIn Email: Set
2025-03-13 19:00:28: - LinkedIn Password: Set
2025-03-13 19:00:29: LinkedIn Scraper Configuration:
2025-03-13 19:00:29: - Cookies Path: ./cookies.json
2025-03-13 19:00:29: - LinkedIn Email: Set
2025-03-13 19:00:29: - LinkedIn Password: Set
2025-03-13 19:00:29: LinkedIn Scraper Configuration:
2025-03-13 19:00:29: - Cookies Path: ./cookies.json
2025-03-13 19:00:29: - LinkedIn Email: Set
2025-03-13 19:00:29: - LinkedIn Password: Set
2025-03-13 19:00:29: LinkedIn Scraper Configuration:
2025-03-13 19:00:29: - Cookies Path: ./cookies.json
2025-03-13 19:00:29: - LinkedIn Email: Set
2025-03-13 19:00:29: - LinkedIn Password: Set
2025-03-13 19:00:29: LinkedIn Scraper Configuration:
2025-03-13 19:00:29: - Cookies Path: ./cookies.json
2025-03-13 19:00:29: - LinkedIn Email: Set
2025-03-13 19:00:29: - LinkedIn Password: Set
2025-03-13 19:00:30: LinkedIn Scraper Configuration:
2025-03-13 19:00:30: - Cookies Path: ./cookies.json
2025-03-13 19:00:30: - LinkedIn Email: Set
2025-03-13 19:00:30: - LinkedIn Password: Set
2025-03-13 19:00:30: LinkedIn Scraper Configuration:
2025-03-13 19:00:30: - Cookies Path: ./cookies.json
2025-03-13 19:00:30: - LinkedIn Email: Set
2025-03-13 19:00:30: - LinkedIn Password: Set
2025-03-13 19:00:30: LinkedIn Scraper Configuration:
2025-03-13 19:00:30: - Cookies Path: ./cookies.json
2025-03-13 19:00:30: - LinkedIn Email: Set
2025-03-13 19:00:30: - LinkedIn Password: Set
2025-03-13 19:00:30: LinkedIn Scraper Configuration:
2025-03-13 19:00:30: - Cookies Path: ./cookies.json
2025-03-13 19:00:30: - LinkedIn Email: Set
2025-03-13 19:00:30: - LinkedIn Password: Set
2025-03-13 19:00:31: LinkedIn Scraper Configuration:
2025-03-13 19:00:31: - Cookies Path: ./cookies.json
2025-03-13 19:00:31: - LinkedIn Email: Set
2025-03-13 19:00:31: - LinkedIn Password: Set
2025-03-13 19:00:31: LinkedIn Scraper Configuration:
2025-03-13 19:00:31: - Cookies Path: ./cookies.json
2025-03-13 19:00:31: - LinkedIn Email: Set
2025-03-13 19:00:31: - LinkedIn Password: Set
2025-03-13 19:00:31: LinkedIn Scraper Configuration:
2025-03-13 19:00:31: - Cookies Path: ./cookies.json
2025-03-13 19:00:31: - LinkedIn Email: Set
2025-03-13 19:00:31: - LinkedIn Password: Set
2025-03-13 19:01:30: LinkedIn Scraper Configuration:
2025-03-13 19:01:30: - Cookies Path: ./cookies.json
2025-03-13 19:01:30: - LinkedIn Email: Set
2025-03-13 19:01:30: - LinkedIn Password: Set
2025-03-13 19:01:30: LinkedIn Scraper Configuration:
2025-03-13 19:01:30: - Cookies Path: ./cookies.json
2025-03-13 19:01:30: - LinkedIn Email: Set
2025-03-13 19:01:30: - LinkedIn Password: Set
2025-03-13 19:01:30: LinkedIn Scraper Configuration:
2025-03-13 19:01:30: - Cookies Path: ./cookies.json
2025-03-13 19:01:30: - LinkedIn Email: Set
2025-03-13 19:01:30: - LinkedIn Password: Set
2025-03-13 19:01:31: LinkedIn Scraper Configuration:
2025-03-13 19:01:31: - Cookies Path: ./cookies.json
2025-03-13 19:01:31: - LinkedIn Email: Set
2025-03-13 19:01:31: - LinkedIn Password: Set
2025-03-13 19:01:31: LinkedIn Scraper Configuration:
2025-03-13 19:01:31: - Cookies Path: ./cookies.json
2025-03-13 19:01:31: - LinkedIn Email: Set
2025-03-13 19:01:31: - LinkedIn Password: Set
2025-03-13 19:01:31: LinkedIn Scraper Configuration:
2025-03-13 19:01:31: - Cookies Path: ./cookies.json
2025-03-13 19:01:31: - LinkedIn Email: Set
2025-03-13 19:01:31: - LinkedIn Password: Set
2025-03-13 19:01:31: LinkedIn Scraper Configuration:
2025-03-13 19:01:31: - Cookies Path: ./cookies.json
2025-03-13 19:01:31: - LinkedIn Email: Set
2025-03-13 19:01:31: - LinkedIn Password: Set
2025-03-13 19:01:32: LinkedIn Scraper Configuration:
2025-03-13 19:01:32: - Cookies Path: ./cookies.json
2025-03-13 19:01:32: - LinkedIn Email: Set
2025-03-13 19:01:32: - LinkedIn Password: Set
2025-03-13 19:01:32: LinkedIn Scraper Configuration:
2025-03-13 19:01:32: - Cookies Path: ./cookies.json
2025-03-13 19:01:32: - LinkedIn Email: Set
2025-03-13 19:01:32: - LinkedIn Password: Set
2025-03-13 19:01:32: LinkedIn Scraper Configuration:
2025-03-13 19:01:32: - Cookies Path: ./cookies.json
2025-03-13 19:01:32: - LinkedIn Email: Set
2025-03-13 19:01:32: - LinkedIn Password: Set
2025-03-13 19:01:32: LinkedIn Scraper Configuration:
2025-03-13 19:01:32: - Cookies Path: ./cookies.json
2025-03-13 19:01:32: - LinkedIn Email: Set
2025-03-13 19:01:32: - LinkedIn Password: Set
2025-03-13 19:01:33: LinkedIn Scraper Configuration:
2025-03-13 19:01:33: - Cookies Path: ./cookies.json
2025-03-13 19:01:33: - LinkedIn Email: Set
2025-03-13 19:01:33: - LinkedIn Password: Set
2025-03-13 19:01:33: LinkedIn Scraper Configuration:
2025-03-13 19:01:33: - Cookies Path: ./cookies.json
2025-03-13 19:01:33: - LinkedIn Email: Set
2025-03-13 19:01:33: - LinkedIn Password: Set
2025-03-13 19:01:33: LinkedIn Scraper Configuration:
2025-03-13 19:01:33: - Cookies Path: ./cookies.json
2025-03-13 19:01:33: - LinkedIn Email: Set
2025-03-13 19:01:33: - LinkedIn Password: Set
2025-03-13 19:01:33: LinkedIn Scraper Configuration:
2025-03-13 19:01:33: - Cookies Path: ./cookies.json
2025-03-13 19:01:33: - LinkedIn Email: Set
2025-03-13 19:01:33: - LinkedIn Password: Set
2025-03-13 19:01:34: LinkedIn Scraper Configuration:
2025-03-13 19:01:34: - Cookies Path: ./cookies.json
2025-03-13 19:01:34: - LinkedIn Email: Set
2025-03-13 19:01:34: - LinkedIn Password: Set
2025-03-13 19:02:17: LinkedIn Scraper Configuration:
2025-03-13 19:02:17: - Cookies Path: ./cookies.json
2025-03-13 19:02:17: - LinkedIn Email: Set
2025-03-13 19:02:17: - LinkedIn Password: Set
2025-03-13 19:02:17: LinkedIn Scraper Configuration:
2025-03-13 19:02:17: - Cookies Path: ./cookies.json
2025-03-13 19:02:17: - LinkedIn Email: Set
2025-03-13 19:02:17: - LinkedIn Password: Set
2025-03-13 19:02:17: LinkedIn Scraper Configuration:
2025-03-13 19:02:17: - Cookies Path: ./cookies.json
2025-03-13 19:02:17: - LinkedIn Email: Set
2025-03-13 19:02:17: - LinkedIn Password: Set
2025-03-13 19:02:18: LinkedIn Scraper Configuration:
2025-03-13 19:02:18: - Cookies Path: ./cookies.json
2025-03-13 19:02:18: - LinkedIn Email: Set
2025-03-13 19:02:18: - LinkedIn Password: Set
2025-03-13 19:02:18: LinkedIn Scraper Configuration:
2025-03-13 19:02:18: - Cookies Path: ./cookies.json
2025-03-13 19:02:18: - LinkedIn Email: Set
2025-03-13 19:02:18: - LinkedIn Password: Set
2025-03-13 19:02:18: LinkedIn Scraper Configuration:
2025-03-13 19:02:18: - Cookies Path: ./cookies.json
2025-03-13 19:02:18: - LinkedIn Email: Set
2025-03-13 19:02:18: - LinkedIn Password: Set
2025-03-13 19:02:18: LinkedIn Scraper Configuration:
2025-03-13 19:02:18: - Cookies Path: ./cookies.json
2025-03-13 19:02:18: - LinkedIn Email: Set
2025-03-13 19:02:18: - LinkedIn Password: Set
2025-03-13 19:02:19: LinkedIn Scraper Configuration:
2025-03-13 19:02:19: - Cookies Path: ./cookies.json
2025-03-13 19:02:19: - LinkedIn Email: Set
2025-03-13 19:02:19: - LinkedIn Password: Set
2025-03-13 19:02:19: LinkedIn Scraper Configuration:
2025-03-13 19:02:19: - Cookies Path: ./cookies.json
2025-03-13 19:02:19: - LinkedIn Email: Set
2025-03-13 19:02:19: - LinkedIn Password: Set
2025-03-13 19:02:19: LinkedIn Scraper Configuration:
2025-03-13 19:02:19: - Cookies Path: ./cookies.json
2025-03-13 19:02:19: - LinkedIn Email: Set
2025-03-13 19:02:19: - LinkedIn Password: Set
2025-03-13 19:02:19: LinkedIn Scraper Configuration:
2025-03-13 19:02:19: - Cookies Path: ./cookies.json
2025-03-13 19:02:19: - LinkedIn Email: Set
2025-03-13 19:02:19: - LinkedIn Password: Set
2025-03-13 19:02:20: LinkedIn Scraper Configuration:
2025-03-13 19:02:20: - Cookies Path: ./cookies.json
2025-03-13 19:02:20: - LinkedIn Email: Set
2025-03-13 19:02:20: - LinkedIn Password: Set
2025-03-13 19:02:20: LinkedIn Scraper Configuration:
2025-03-13 19:02:20: - Cookies Path: ./cookies.json
2025-03-13 19:02:20: - LinkedIn Email: Set
2025-03-13 19:02:20: - LinkedIn Password: Set
2025-03-13 19:02:20: LinkedIn Scraper Configuration:
2025-03-13 19:02:20: - Cookies Path: ./cookies.json
2025-03-13 19:02:20: - LinkedIn Email: Set
2025-03-13 19:02:20: - LinkedIn Password: Set
2025-03-13 19:02:20: LinkedIn Scraper Configuration:
2025-03-13 19:02:20: - Cookies Path: ./cookies.json
2025-03-13 19:02:20: - LinkedIn Email: Set
2025-03-13 19:02:20: - LinkedIn Password: Set
2025-03-13 19:02:21: LinkedIn Scraper Configuration:
2025-03-13 19:02:21: - Cookies Path: ./cookies.json
2025-03-13 19:02:21: - LinkedIn Email: Set
2025-03-13 19:02:21: - LinkedIn Password: Set
2025-03-13 19:03:07: LinkedIn Scraper Configuration:
2025-03-13 19:03:07: - Cookies Path: ./cookies.json
2025-03-13 19:03:07: - LinkedIn Email: Set
2025-03-13 19:03:07: - LinkedIn Password: Set
2025-03-13 19:03:07: Server running on port 3000
2025-03-13 19:03:07: Health check available at http://localhost:3000/health
2025-03-13 19:03:07: LinkedIn scraping endpoint available at http://localhost:3000/api/linkedin
2025-03-13 19:04:35: LinkedIn Scraper Configuration:
2025-03-13 19:04:35: - Cookies Path: ./cookies.json
2025-03-13 19:04:35: - LinkedIn Email: Set
2025-03-13 19:04:35: - LinkedIn Password: Set
2025-03-13 19:04:35: Server running on port 3001
2025-03-13 19:04:35: Health check available at http://localhost:3001/health
2025-03-13 19:04:35: LinkedIn scraping endpoint available at http://localhost:3001/api/linkedin
2025-03-13 19:04:51: LinkedIn Scraper Configuration:
2025-03-13 19:04:51: - Cookies Path: ./cookies.json
2025-03-13 19:04:51: - LinkedIn Email: Set
2025-03-13 19:04:51: - LinkedIn Password: Set
2025-03-13 19:04:51: Server running on port 3001
2025-03-13 19:04:51: Health check available at http://localhost:3001/health
2025-03-13 19:04:51: LinkedIn scraping endpoint available at http://localhost:3001/api/linkedin
2025-03-13 19:06:17: LinkedIn Scraper Configuration:
2025-03-13 19:06:17: - Cookies Path: ./cookies.json
2025-03-13 19:06:17: - LinkedIn Email: Set
2025-03-13 19:06:17: - LinkedIn Password: Set
2025-03-13 19:06:17: Server running on port 3001
2025-03-13 19:06:17: Health check available at http://localhost:3001/health
2025-03-13 19:06:17: LinkedIn scraping endpoint available at http://localhost:3001/api/linkedin
2025-03-13 19:07:11: Received scrape request
2025-03-13 19:07:11: Processing request for LinkedIn URL: https://www.linkedin.com/company/xiaomi-technology
2025-03-13 19:07:11: Checking for existing browser...
2025-03-13 19:07:11: Browser lock acquired
2025-03-13 19:07:11: No WebSocket endpoint file found
2025-03-13 19:07:11: Browser lock released
2025-03-13 19:07:11: No existing browser found or connection failed, initializing LinkedIn scraper...
2025-03-13 19:07:11: Initializing LinkedIn scraper...
2025-03-13 19:07:11: Global browser status: null
2025-03-13 19:07:11: Browser lock acquired
2025-03-13 19:07:11: No WebSocket endpoint file found
2025-03-13 19:07:11: Launching a new browser instance
2025-03-13 19:07:12: Error saving browser endpoint: globalBrowser.wsEndpoint is not a function
2025-03-13 19:07:12: Browser assigned to scraper instance
2025-03-13 19:07:12: Creating new browser context
2025-03-13 19:07:12: Cookies loaded successfully
2025-03-13 19:07:12: Creating new page
2025-03-13 19:07:14: Checking for security checkpoints...
2025-03-13 19:07:15: Already logged in to LinkedIn
2025-03-13 19:07:15: Browser lock released
2025-03-13 19:07:15: LinkedIn scraper initialization successful
2025-03-13 19:07:15: Starting profile scraping...
2025-03-13 19:07:15: Navigating to profile: https://www.linkedin.com/company/xiaomi-technology
2025-03-13 19:07:16: Waiting for profile page to load...
2025-03-13 19:07:19: Profile page loaded, proceeding with scraping
2025-03-13 19:07:19: Detected profile type: Company
2025-03-13 19:07:19: Scraping company profile data...
2025-03-13 19:07:19: Debug screenshot saved as company-profile-debug.png
2025-03-13 19:07:19: Attempting to scrape company posts...
2025-03-13 19:07:19: Found posts tab, clicking...
2025-03-13 19:07:21: Scrolling to load more posts...
2025-03-13 19:07:21: Starting scroll to load more posts...
2025-03-13 19:07:21: Initially found 3 posts before scrolling
2025-03-13 19:07:22: After scroll attempt 1, found 3 posts
2025-03-13 19:07:23: After scroll attempt 2, found 11 posts
2025-03-13 19:07:24: After scroll attempt 3, found 11 posts
2025-03-13 19:07:25: After scroll attempt 4, found 11 posts
2025-03-13 19:07:25: No new posts found, trying a longer scroll...
2025-03-13 19:07:27: After scroll attempt 5, found 11 posts
2025-03-13 19:07:27: No new posts found, trying a longer scroll...
2025-03-13 19:07:29: Finished scrolling. Found 11 posts after 5 scroll attempts.
2025-03-13 19:07:29: Company posts screenshot saved as company-posts-loaded.png
2025-03-13 19:07:29: Found 23 company posts with selector: .ember-view.occludable-update
2025-03-13 19:07:29: Processing 20 company posts...
2025-03-13 19:07:29: Successfully extracted 20 company posts
2025-03-13 19:07:29: Profile scraping completed successfully
2025-03-13 19:07:46: No personal profile card found
2025-04-06 17:26:14: LinkedIn Scraper Configuration:
2025-04-06 17:26:14: - Cookies Path: ./cookies.json
2025-04-06 17:26:14: - LinkedIn Email: Set
2025-04-06 17:26:14: - LinkedIn Password: Set
2025-04-06 17:26:14: Server running on port 3001
2025-04-06 17:26:14: Health check available at http://localhost:3001/health
2025-04-06 17:26:14: LinkedIn scraping endpoint available at http://localhost:3001/api/linkedin
2025-04-06 17:26:58: Received scrape request
2025-04-06 17:27:15: Received scrape request
2025-04-06 17:27:15: Processing request for LinkedIn URL: https://www.linkedin.com/company/rolls-royce/posts/?feedView=all
2025-04-06 17:27:15: Checking for existing browser...
2025-04-06 17:27:15: Browser lock acquired
2025-04-06 17:27:15: No WebSocket endpoint file found
2025-04-06 17:27:15: Browser lock released
2025-04-06 17:27:15: No existing browser found or connection failed, initializing LinkedIn scraper...
2025-04-06 17:27:15: Initializing LinkedIn scraper...
2025-04-06 17:27:15: Global browser status: null
2025-04-06 17:27:15: Browser lock acquired
2025-04-06 17:27:15: No WebSocket endpoint file found
2025-04-06 17:27:15: Launching a new browser instance
2025-04-06 17:27:16: Error saving browser endpoint: globalBrowser.wsEndpoint is not a function
2025-04-06 17:27:16: Browser assigned to scraper instance
2025-04-06 17:27:16: Creating new browser context
2025-04-06 17:27:16: Cookies loaded successfully
2025-04-06 17:27:16: Creating new page
2025-04-06 17:27:18: Checking for security checkpoints...
2025-04-06 17:27:19: Already logged in to LinkedIn
2025-04-06 17:27:19: Browser lock released
2025-04-06 17:27:19: LinkedIn scraper initialization successful
2025-04-06 17:27:19: Starting profile scraping...
2025-04-06 17:27:19: Navigating to profile: https://www.linkedin.com/company/rolls-royce/posts/?feedView=all
2025-04-06 17:27:21: Waiting for profile page to load...
2025-04-06 17:27:23: Profile page loaded, proceeding with scraping
2025-04-06 17:27:23: Detected profile type: Company
2025-04-06 17:27:23: Scraping company profile data...
2025-04-06 17:27:24: Debug screenshot saved as company-profile-debug.png
2025-04-06 17:27:24: Attempting to scrape company posts...
2025-04-06 17:27:24: Found posts tab, clicking...
2025-04-06 17:27:26: Scrolling to load more posts...
2025-04-06 17:27:26: Starting scroll to load more posts...
2025-04-06 17:27:26: Initially found 3 posts before scrolling
2025-04-06 17:27:27: After scroll attempt 1, found 5 posts
2025-04-06 17:27:28: After scroll attempt 2, found 6 posts
2025-04-06 17:27:29: After scroll attempt 3, found 6 posts
2025-04-06 17:27:30: After scroll attempt 4, found 7 posts
2025-04-06 17:27:31: After scroll attempt 5, found 10 posts
2025-04-06 17:27:32: After scroll attempt 6, found 10 posts
2025-04-06 17:27:33: After scroll attempt 7, found 10 posts
2025-04-06 17:27:33: No new posts found, trying a longer scroll...
2025-04-06 17:27:36: After scroll attempt 8, found 13 posts
2025-04-06 17:27:37: After scroll attempt 9, found 16 posts
2025-04-06 17:27:38: After scroll attempt 10, found 16 posts
2025-04-06 17:27:39: After scroll attempt 11, found 16 posts
2025-04-06 17:27:39: No new posts found, trying a longer scroll...
2025-04-06 17:27:41: After scroll attempt 12, found 22 posts
2025-04-06 17:27:41: Finished scrolling. Found 22 posts after 12 scroll attempts.
2025-04-06 17:27:41: Company posts screenshot saved as company-posts-loaded.png
2025-04-06 17:27:41: Found 33 company posts with selector: .ember-view.occludable-update
2025-04-06 17:27:41: Processing 20 company posts...
2025-04-06 17:27:41: Successfully extracted 20 company posts
2025-04-06 17:27:41: Profile scraping completed successfully
2025-04-06 17:27:51: No personal profile card found
